<?xml version="1.0" encoding="UTF-8"?>
<testng-results ignored="0" total="1" passed="1" failed="0" skipped="0">
  <reporter-output>
  </reporter-output>
  <suite started-at="2022-08-31T16:20:27 IST" name="Default suite" finished-at="2022-08-31T16:21:08 IST" duration-ms="41398">
    <groups>
    </groups>
    <test started-at="2022-08-31T16:20:27 IST" name="Default test" finished-at="2022-08-31T16:21:08 IST" duration-ms="41398">
      <class name="com.demoqa.pageobject.dynamicproperty">
        <test-method is-config="true" signature="setup()[pri:0, instance:com.demoqa.pageobject.dynamicproperty@4550bb58]" started-at="2022-08-31T16:20:27 IST" name="setup" finished-at="2022-08-31T16:21:05 IST" duration-ms="38685" status="PASS">
          <reporter-output>
          </reporter-output>
        </test-method> <!-- setup -->
        <test-method signature="checkbox()[pri:0, instance:com.demoqa.pageobject.dynamicproperty@4550bb58]" started-at="2022-08-31T16:21:05 IST" name="checkbox" finished-at="2022-08-31T16:21:07 IST" duration-ms="1582" status="PASS">
          <reporter-output>
          </reporter-output>
        </test-method> <!-- checkbox -->
        <test-method is-config="true" signature="teardown()[pri:0, instance:com.demoqa.pageobject.dynamicproperty@4550bb58]" started-at="2022-08-31T16:21:07 IST" name="teardown" finished-at="2022-08-31T16:21:08 IST" duration-ms="1037" status="PASS">
          <reporter-output>
          </reporter-output>
        </test-method> <!-- teardown -->
      </class> <!-- com.demoqa.pageobject.dynamicproperty -->
    </test> <!-- Default test -->
  </suite> <!-- Default suite -->
</testng-results>
